<?xml version="1.0" encoding="UTF-8"?>
<testsuite xmlns:xsi="http://www.w3.org/2001/XMLSchema-instance" xsi:noNamespaceSchemaLocation="https://maven.apache.org/surefire/maven-surefire-plugin/xsd/surefire-test-report.xsd" version="3.0.2" name="TestSuite" time="44.157" tests="1" errors="0" skipped="0" failures="0" flakes="0">
  <properties>
[...]
</properties>
  <testcase name="tripPackageTest" classname="testcases.TripPackageTest" time="31.95">
    <system-out><![CDATA[ScreenShot taken Successfull
1. RKK Travels   ---->   ₹ 645
2. Fresh Bus   ---->   ₹ 483
3. Adithiya Air Bus   ---->   ₹ 605
4. SRI SUGAM TRAVELS   ---->   ₹ 3,000
5. Krish Travels(jksn)   ---->   ₹ 349
6. KBS Travels   ---->   ₹ 1,100
7. Apple Travels   ---->   ₹ 700
8. Jabbar Travels   ---->   ₹ 530
9. Adithiya Air Bus   ---->   ₹ 600
10. RKK Travels   ---->   ₹ 795
11. National Travels NTA   ---->   ₹ 800
12. SRI SUGAM TRAVELS   ---->   ₹ 929
13. Jasnath Travels   ---->   ₹ 2,700
14. KBS Travels   ---->   ₹ 1,050
15. ANT King Travels   ---->   ₹ 900
16. SPS Travels D   ---->   ₹ 779
17. RKK Travels   ---->   ₹ 895
18. KBS Travels   ---->   ₹ 999
19. Bharathi Travels   ---->   ₹ 800
20. VKV Travels   ---->   ₹ 940
21. RKK Travels   ---->   ₹ 795
22. KBS Travels   ---->   ₹ 1,500
23. SBM Transport   ---->   ₹ 1,400
24. MMK Travels   ---->   ₹ 910
25. SRI SUGAM TRAVELS   ---->   ₹ 949
26. KBS Travels   ---->   ₹ 1,250
27. NueGo   ---->   ₹ 449
28. RKK Travels   ---->   ₹ 795
29. SRI SUGAM TRAVELS   ---->   ₹ 949
30. YBM Travels   ---->   ₹ 1,950
31. YBM Travels (BLM)   ---->   ₹ 1,950
32. MMK Travels   ---->   ₹ 1,710
33. Bharathi Travels   ---->   ₹ 1,500
34. Parveen Travels   ---->   ₹ 895
35. KBS Travels   ---->   ₹ 1,350
36. RKK Travels   ---->   ₹ 1,200
37. SRI SUGAM TRAVELS   ---->   ₹ 1,240
38. Fresh Bus   ---->   ₹ 999
39. SRI SUGAM TRAVELS   ---->   ₹ 1,330
40. KBS Travels   ---->   ₹ 1,250
41. Fresh Bus   ---->   ₹ 852
42. Fresh Bus   ---->   ₹ 852
43. SRI SUGAM TRAVELS   ---->   ₹ 1,160
44. Flixbus   ---->   ₹ 1,110
45. Flixbus   ---->   ₹ 590
46. VELOCITY EXPRESS   ---->   ₹ 1,580
47. zingbus plus   ---->   ₹ 901
48. SRI SUGAM TRAVELS   ---->   ₹ 931
49. KBS Travels   ---->   ₹ 1,150
50. Flixbus   ---->   ₹ 1,380
51. Flixbus   ---->   ₹ 1,060
52. Flixbus   ---->   ₹ 1,150
53. NueGo   ---->   ₹ 700
54. IntrCity SmartBus   ---->   ₹ 859
55. Fresh Bus   ---->   ₹ 873
56. Flixbus   ---->   ₹ 1,430
57. Flixbus   ---->   ₹ 1,340
58. RKK Travels   ---->   ₹ 1,100
59. IntrCity SmartBus   ---->   ₹ 689
60. IntrCity SmartBus   ---->   ₹ 689
61. NueGo   ---->   ₹ 710
62. zingbus plus   ---->   ₹ 886
63. Flixbus   ---->   ₹ 1,090
64. GRS Travels   ---->   ₹ 1,250
65. Shama Sardar HPM Travels   ---->   ₹ 1,300
66. Adithiya Air Bus   ---->   ₹ 1,090
67. SHARMA TRANSPORTS   ---->   ₹ 500
68. IntrCity SmartBus   ---->   ₹ 809
69. IntrCity SmartBus   ---->   ₹ 809
70. SRBT Travels   ---->   ₹ 1,540
71. NueGo   ---->   ₹ 640
72. Flixbus   ---->   ₹ 847
73. Adithiya Air Bus   ---->   ₹ 999
74. S L Travels   ---->   ₹ 1,260
75. JTS Tours &amp; Travels   ---->   ₹ 1,400
76. Hybus (Saraca Transtech Private Limited)   ---->   ₹ 1,960
77. Jayavin Tours and Travels   ---->   ₹ 2,000
78. IntrCity SmartBus   ---->   ₹ 729
79. SPT Tours And Travels   ---->   ₹ 1,500
80. IntrCity SmartBus   ---->   ₹ 769
81. Flixbus   ---->   ₹ 1,060
82. National Travels NTA   ---->   ₹ 700
83. IntrCity SmartBus   ---->   ₹ 709
84. zingbus plus   ---->   ₹ 860
85. Umashankar Transports   ---->   ₹ 1,100
86. Fresh Bus   ---->   ₹ 978
87. MMK Travels   ---->   ₹ 1,270
88. Jabbar Travels   ---->   ₹ 725
89. SPS Travels D   ---->   ₹ 999
90. Flixbus   ---->   ₹ 1,190
91. Jabbar Travels   ---->   ₹ 1,260
92. SST Limoliner   ---->   ₹ 1,600
93. Adithiya Air Bus   ---->   ₹ 999
94. SRI SUGAM TRAVELS   ---->   ₹ 1,050
95. IntrCity SmartBus   ---->   ₹ 649
96. IntrCity SmartBus   ---->   ₹ 769
97. IntrCity SmartBus   ---->   ₹ 849
98. Sabari Travels   ---->   ₹ 1,050
99. Shri Abinesh Roadways   ---->   ₹ 1,100
100. SRI SIDDHAN TRAVELS   ---->   ₹ 1,220
101. IntrCity SmartBus   ---->   ₹ 899
102. IntrCity SmartBus   ---->   ₹ 719
103. NueGo   ---->   ₹ 670
104. City Travels   ---->   ₹ 699
105. RKK Travels   ---->   ₹ 795
106. Royal Travels   ---->   ₹ 800
107. SRI SUGAM TRAVELS   ---->   ₹ 999
108. Dreamlinetravels pvt ltd   ---->   ₹ 1,020
109. SRI SUGAM TRAVELS   ---->   ₹ 1,050
110. Greenline Travels   ---->   ₹ 1,250
111. Jai Sai Baba Transport   ---->   ₹ 1,320
112. Prm Roadways Private Ltd   ---->   ₹ 1,400
113. ACLS Navigator   ---->   ₹ 1,400
114. Hybus (Saraca Transtech Private Limited)   ---->   ₹ 1,410
115. Krish Travels(jksn)   ---->   ₹ 1,500
116. SST Limoliner   ---->   ₹ 1,600
117. V2K Travels   ---->   ₹ 1,730
118. SHARMA TRANSPORTS   ---->   ₹ 700
119. MRM Travels   ---->   ₹ 2,250
120. V Bus Holidays   ---->   ₹ 1,400
121. IntrCity SmartBus   ---->   ₹ 639
122. IntrCity SmartBus   ---->   ₹ 689
123. Jayavin Tours and Travels   ---->   ₹ 752
124. Geepee Travels   ---->   ₹ 1,100
125. KBS Travels   ---->   ₹ 1,200
126. Jabbar Travels   ---->   ₹ 1,410
127. RKK Travels   ---->   ₹ 1,700
128. Fresh Bus   ---->   ₹ 957
129. IntrCity SmartBus   ---->   ₹ 619
130. Vee Vee Bus Service   ---->   ₹ 772
131. NueGo   ---->   ₹ 870
132. VKV Travels   ---->   ₹ 1,090
133. SRI SIDDHAN TRAVELS   ---->   ₹ 1,220
134. Krish Travels(jksn)   ---->   ₹ 1,500
135. IntrCity SmartBus   ---->   ₹ 619
136. ACLS Navigator   ---->   ₹ 899
137. KBS Travels   ---->   ₹ 1,900
138. Vee Vee Bus Service   ---->   ₹ 669
139. National Travels NTA   ---->   ₹ 700
140. IntrCity SmartBus   ---->   ₹ 769
141. RKK Travels   ---->   ₹ 795
142. SBM Transport   ---->   ₹ 1,400
143. ANT King Travels   ---->   ₹ 1,450
144. IntrCity SmartBus   ---->   ₹ 689
145. NueGo   ---->   ₹ 730
146. Olive Traveln Lines   ---->   ₹ 850
147. Fresh Bus   ---->   ₹ 957
148. Jabbar Travels   ---->   ₹ 1,010
149. National Travels NTA   ---->   ₹ 800
150. National Travels NTA   ---->   ₹ 800
151. SPS Travels D   ---->   ₹ 859
152. KBS Travels   ---->   ₹ 899
]]></system-out>
    <system-err><![CDATA[SLF4J(W): No SLF4J providers were found.
SLF4J(W): Defaulting to no-operation (NOP) logger implementation
SLF4J(W): See https://www.slf4j.org/codes.html#noProviders for further details.
Apr 22, 2026 9:38:55 AM org.openqa.selenium.devtools.CdpVersionFinder findNearestMatch
WARNING: Unable to find an exact match for CDP version 146, returning the closest version; found: 145; Please update to a Selenium version that supports CDP version 146
]]></system-err>
  </testcase>
</testsuite>