<?xml version="1.0" encoding="UTF-8"?>
<testsuite xmlns:xsi="http://www.w3.org/2001/XMLSchema-instance" xsi:noNamespaceSchemaLocation="https://maven.apache.org/surefire/maven-surefire-plugin/xsd/surefire-test-report.xsd" version="3.0.2" name="TestSuite" time="27.728" tests="1" errors="0" skipped="0" failures="0" flakes="0">
  <properties>
[...]
</properties>
  <testcase name="tripPackageTest" classname="testcases.TripPackageTest" time="21.322">
    <system-out><![CDATA[ScreenShot taken Successfull
1. YBM Travels   ---->   ₹ 600
2. YBM Travels (BLM)   ---->   ₹ 600
3. SRI SUGAM TRAVELS   ---->   ₹ 639
4. MMK Travels   ---->   ₹ 550
5. Bharathi Travels   ---->   ₹ 600
6. Parveen Travels   ---->   ₹ 595
7. KBS Travels   ---->   ₹ 849
8. RKK Travels   ---->   ₹ 795
9. Fresh Bus   ---->   ₹ 473
10. SRI SUGAM TRAVELS   ---->   ₹ 501
11. KBS Travels   ---->   ₹ 729
12. Fresh Bus   ---->   ₹ 494
13. Fresh Bus   ---->   ₹ 452
14. SRI SUGAM TRAVELS   ---->   ₹ 600
15. Flixbus   ---->   ₹ 475
16. Flixbus   ---->   ₹ 875
17. Flixbus   ---->   ₹ 466
18. VELOCITY EXPRESS   ---->   ₹ 659
19. Flixbus   ---->   ₹ 475
20. zingbus plus   ---->   ₹ 584
21. KBS Travels   ---->   ₹ 949
22. Flixbus   ---->   ₹ 466
23. Flixbus   ---->   ₹ 685
24. NueGo   ---->   ₹ 350
25. IntrCity SmartBus   ---->   ₹ 389
26. Flixbus   ---->   ₹ 475
27. Fresh Bus   ---->   ₹ 483
28. Flixbus   ---->   ₹ 1,110
29. RKK Travels   ---->   ₹ 795
30. IntrCity SmartBus   ---->   ₹ 309
31. IntrCity SmartBus   ---->   ₹ 299
32. SRI SUGAM TRAVELS   ---->   ₹ 449
33. zingbus plus   ---->   ₹ 481
34. Flixbus   ---->   ₹ 494
35. NueGo   ---->   ₹ 510
36. GRS Travels   ---->   ₹ 700
37. Shama Sardar HPM Travels   ---->   ₹ 899
38. Adithiya Air Bus   ---->   ₹ 550
39. IntrCity SmartBus   ---->   ₹ 369
40. SHARMA TRANSPORTS   ---->   ₹ 500
41. IntrCity SmartBus   ---->   ₹ 329
42. SRBT Travels   ---->   ₹ 700
43. NueGo   ---->   ₹ 350
44. Jayavin Tours and Travels   ---->   ₹ 450
45. SPS Travels D   ---->   ₹ 575
46. Adithiya Air Bus   ---->   ₹ 599
47. Flixbus   ---->   ₹ 666
48. S L Travels   ---->   ₹ 890
49. Hybus (Saraca Transtech Private Limited)   ---->   ₹ 1,060
50. JTS Tours &amp; Travels   ---->   ₹ 1,400
51. IntrCity SmartBus   ---->   ₹ 329
52. SPT Tours And Travels   ---->   ₹ 700
53. IntrCity SmartBus   ---->   ₹ 329
54. Flixbus   ---->   ₹ 475
55. IntrCity SmartBus   ---->   ₹ 339
56. zingbus plus   ---->   ₹ 423
57. Fresh Bus   ---->   ₹ 536
58. MMK Travels   ---->   ₹ 650
59. Jabbar Travels   ---->   ₹ 450
60. IntrCity SmartBus   ---->   ₹ 489
61. Flixbus   ---->   ₹ 494
62. SPS Travels D   ---->   ₹ 575
63. Jabbar Travels   ---->   ₹ 600
64. SST Limoliner   ---->   ₹ 999
65. Adithiya Air Bus   ---->   ₹ 570
66. SRI SUGAM TRAVELS   ---->   ₹ 600
67. V Bus Holidays   ---->   ₹ 660
68. Umashankar Transports   ---->   ₹ 806
69. IntrCity SmartBus   ---->   ₹ 309
70. IntrCity SmartBus   ---->   ₹ 349
71. Sabari Travels   ---->   ₹ 650
72. Shri Abinesh Roadways   ---->   ₹ 699
73. SRI SIDDHAN TRAVELS   ---->   ₹ 775
74. IntrCity SmartBus   ---->   ₹ 439
75. IntrCity SmartBus   ---->   ₹ 299
76. Krish Travels(jksn)   ---->   ₹ 349
77. NueGo   ---->   ₹ 350
78. SRI SUGAM TRAVELS   ---->   ₹ 551
79. City Travels   ---->   ₹ 599
80. Dreamlinetravels pvt ltd   ---->   ₹ 600
81. Royal Travels   ---->   ₹ 600
82. YBM Travels (BLM)   ---->   ₹ 650
83. Hybus (Saraca Transtech Private Limited)   ---->   ₹ 650
84. STREAMLINE TOURS AND TRAVELS   ---->   ₹ 699
85. Jai Sai Baba Transport   ---->   ₹ 750
86. V2K Travels   ---->   ₹ 750
87. Prm Roadways Private Ltd   ---->   ₹ 845
88. ACLS Navigator   ---->   ₹ 849
89. YBM Travels   ---->   ₹ 850
90. SST Limoliner   ---->   ₹ 999
91. Greenline Travels   ---->   ₹ 1,250
92. SHARMA TRANSPORTS   ---->   ₹ 500
93. V Bus Holidays   ---->   ₹ 830
94. IntrCity SmartBus   ---->   ₹ 299
95. IntrCity SmartBus   ---->   ₹ 339
96. Jayavin Tours and Travels   ---->   ₹ 462
97. Geepee Travels   ---->   ₹ 480
98. Jabbar Travels   ---->   ₹ 600
99. Green Channel Tours &amp; Travels   ---->   ₹ 649
100. RKK Travels   ---->   ₹ 795
101. KBS Travels   ---->   ₹ 849
102. Fresh Bus   ---->   ₹ 483
103. IntrCity SmartBus   ---->   ₹ 309
104. Krish Travels(jksn)   ---->   ₹ 349
105. VKV Travels   ---->   ₹ 740
106. YBM Travels   ---->   ₹ 850
107. IntrCity SmartBus   ---->   ₹ 309
108. KBS Travels   ---->   ₹ 849
109. IntrCity SmartBus   ---->   ₹ 369
110. ANT King Travels   ---->   ₹ 900
111. NueGo   ---->   ₹ 350
112. IntrCity SmartBus   ---->   ₹ 359
113. National Travels NTA   ---->   ₹ 400
114. Fresh Bus   ---->   ₹ 494
115. Jabbar Travels   ---->   ₹ 540
116. National Travels NTA   ---->   ₹ 550
117. SPS Travels D   ---->   ₹ 799
118. KBS Travels   ---->   ₹ 799
]]></system-out>
    <system-err><![CDATA[SLF4J(W): No SLF4J providers were found.
SLF4J(W): Defaulting to no-operation (NOP) logger implementation
SLF4J(W): See https://www.slf4j.org/codes.html#noProviders for further details.
Apr 21, 2026 4:20:31 PM org.openqa.selenium.devtools.CdpVersionFinder findNearestMatch
WARNING: Unable to find an exact match for CDP version 146, returning the closest version; found: 145; Please update to a Selenium version that supports CDP version 146
]]></system-err>
  </testcase>
</testsuite>