<?xml version="1.0" encoding="UTF-8"?>
<testng-results ignored="0" total="1" passed="1" failed="0" skipped="0">
  <reporter-output>
    <line>
      <![CDATA[title validated success fully <br>]]>
    </line>
    <line>
      <![CDATA[Banner validated success fully]]>
    </line>
  </reporter-output>
  <suite started-at="2026-04-21T16:20:29 IST" name="Suite" finished-at="2026-04-21T16:20:56 IST" duration-ms="27103">
    <groups>
    </groups>
    <test started-at="2026-04-21T16:20:29 IST" name="Test" finished-at="2026-04-21T16:20:56 IST" duration-ms="27103">
      <class name="testcases.TripPackageTest">
        <test-method is-config="true" signature="setUp()[pri:0, instance:testcases.TripPackageTest@7a69b07]" started-at="2026-04-21T16:20:29 IST" name="setUp" finished-at="2026-04-21T16:20:34 IST" duration-ms="4457" status="PASS">
          <reporter-output>
          </reporter-output>
        </test-method> <!-- setUp -->
        <test-method signature="tripPackageTest()[pri:0, instance:testcases.TripPackageTest@7a69b07]" started-at="2026-04-21T16:20:34 IST" name="tripPackageTest" finished-at="2026-04-21T16:20:55 IST" duration-ms="21318" status="PASS">
          <reporter-output>
            <line>
              <![CDATA[title validated success fully <br>]]>
            </line>
            <line>
              <![CDATA[Banner validated success fully]]>
            </line>
          </reporter-output>
        </test-method> <!-- tripPackageTest -->
        <test-method is-config="true" signature="tearDown()[pri:0, instance:testcases.TripPackageTest@7a69b07]" started-at="2026-04-21T16:20:55 IST" name="tearDown" finished-at="2026-04-21T16:20:56 IST" duration-ms="1296" status="PASS">
          <reporter-output>
          </reporter-output>
        </test-method> <!-- tearDown -->
      </class> <!-- testcases.TripPackageTest -->
    </test> <!-- Test -->
  </suite> <!-- Suite -->
</testng-results>
