<?xml version="1.0" encoding="UTF-8"?>
<!-- Generated by org.testng.reporters.JUnitReportReporter -->
<testsuite hostname="LTIN719566" failures="0" tests="1" name="testcases.TripPackageTest" time="27.071" errors="0" timestamp="2026-04-21T16:20:57 IST" skipped="0">
  <testcase classname="testcases.TripPackageTest" name="tripPackageTest" time="27.071">
    <system-out>
      <![CDATA[title validated success fully <br>
Banner validated success fully]]>
    </system-out>
  </testcase> <!-- tripPackageTest -->
  <system-out>
    <![CDATA[title validated success fully <br>
Banner validated success fully]]>
  </system-out>
</testsuite> <!-- testcases.TripPackageTest -->
